T3408 000:000.505   SEGGER J-Link V8.60 Log File
T3408 000:000.622   DLL Compiled: Aug 13 2025 12:04:02
T3408 000:000.627   Logging started @ 2026-05-03 04:35
T3408 000:000.632   Process: C:\Users\jerry\.eclipse\com.renesas.platform_1690616020\DebugComp\RZ\e2-server-gdb.exe
T3408 000:000.641 - 0.637ms 
T3408 000:000.653 JLINK_GetDLLVersion()
T3408 000:000.659 - 0.006ms returns 86000
T3408 000:001.410 JLINK_OpenEx(...)
T3408 000:011.956   Firmware: J-Link OB-S124 compiled Dec 10 2025 15:52:46
T3408 000:020.980   Firmware: J-Link OB-S124 compiled Dec 10 2025 15:52:46
T3408 000:055.753   Hardware: V1.00
T3408 000:055.774   S/N: 839004329
T3408 000:055.782   OEM: SEGGER
T3408 000:055.789   Feature(s): None
T3408 000:064.840   Bootloader: 2019 Oct 15
T3408 000:070.800   USB speed mode: Full speed (12 MBit/s)
T3408 000:074.139   TELNET listener socket opened on port 19021
T3408 000:074.290   WEBSRV WEBSRV_Init(): Starting webserver thread(s)
T3408 000:074.476   WEBSRV Webserver running on local port 19080
T3408 000:074.583   Looking for J-Link GUI Server exe at: C:\Users\jerry\.eclipse\com.renesas.platform_1690616020\DebugComp\RZ\ARM\Segger_v8.60.0\JLinkGUIServer.exe
T3408 000:074.677   Looking for J-Link GUI Server exe at: D:\Program Files\SEGGER\JLink_V938a\JLinkGUIServer.exe
T3408 000:074.693   Forking J-Link GUI Server: D:\Program Files\SEGGER\JLink_V938a\JLinkGUIServer.exe
T3408 000:096.935   J-Link GUI Server info: "J-Link GUI server V9.38a "
T3408 000:099.297 - 97.883ms returns "O.K."
T3408 000:099.417 JLINK_ExecCommand("ProjectFile=G:\e2s_workspace\RZN2L_RSK_usb_pcdc/RZN2L_RSK_usb_pcdc Debug_Flat.jlink", ...). 
T3408 000:115.259 - 15.845ms returns 0x00
T3408 000:115.675 JLINK_ExecCommand("device=R9A07G084M04", ...). 
T3408 000:116.477   Flash bank @ 0x60000000: SFL: Parsing sectorization info from ELF file
T3408 000:116.489     FlashDevice.SectorInfo[0]: .SectorSize = 0x00010000, .SectorStartAddr = 0x00000000
T3408 000:119.156   Flash bank @ 0x68000000: SFL: Parsing sectorization info from ELF file
T3408 000:119.184     FlashDevice.SectorInfo[0]: .SectorSize = 0x00010000, .SectorStartAddr = 0x00000000
T3408 000:123.222   Device "R9A07G084M04" selected.
T3408 000:123.684 - 7.997ms returns 0x00
T3408 000:123.725 JLINK_ExecCommand("SetCPUConnectIDCODE = FFFFFFFFFFFFFFFFFFFFFFFFFFFFFFFF", ...). 
T3408 000:123.736 - 0.002ms returns 0x00
T3408 000:123.762 JLINK_TIF_GetAvailable(...)
T3408 000:126.793 - 3.031ms 
T3408 000:126.817 JLINK_TIF_Select(JLINKARM_TIF_SWD)
T3408 000:138.657 - 11.843ms returns 0x00
T3408 000:138.686 JLINK_SetSpeed(4000)
T3408 000:141.634 - 2.951ms 
T3408 000:141.655 JLINK_SetEndian(ARM_ENDIAN_LITTLE)
T3408 000:141.661 - 0.005ms returns 0
T3408 000:141.673 JLINK_SetInitRegsOnReset(OFF)
T3408 000:141.678 - 0.008ms returns 1
T3408 000:141.723 JLINK_SetResetType(JLINKARM_RESET_TYPE_NORMAL)
T3408 000:141.729 - 0.006ms returns JLINKARM_RESET_TYPE_NORMAL
T3408 000:141.736 JLINK_ExecCommand("EnableFlashBPs", ...). 
T3408 000:141.744 - 0.000ms returns 0x00
T3408 000:141.751 JLINK_ExecCommand("SetAllowFlashCache = 1", ...). 
T3408 000:141.758 - 0.000ms returns 0x01
T3408 000:141.765 JLINK_ExecCommand("SetRestartOnClose = 0", ...). 
T3408 000:141.772 - 0.001ms returns 0x01
T3408 000:141.779 JLINK_ExecCommand("SetAllowSimulation = 0", ...). 
T3408 000:141.785 - 0.000ms returns 0x01
T3408 000:141.791 JLINK_EnableSoftBPs(ON)
T3408 000:141.796 - 0.004ms 
T3408 000:141.803 JLINK_Connect()
T3408 000:144.777   ConfigTargetSettings() start
T3408 000:144.790    J-Link Script File: Executing ConfigTargetSettings()
T3408 000:144.824   ConfigTargetSettings() end - Took 33us
T3408 000:144.832   InitTarget() start
T3408 000:144.839    J-Link Script File: Executing InitTarget()
T3408 000:169.004   Authenticated device detected. Skipping authentication process.
T3408 000:169.021     OCDREG_STATUS: 0x00000001
T3408 000:369.190   InitTarget() end - Took 224ms
T3408 000:375.289   Found SW-DP with ID 0x6BA02477
T3408 000:393.710   DPIDR: 0x6BA02477
T3408 000:393.727   CoreSight SoC-400 or earlier
T3408 000:393.788   AP map detection skipped. Manually configured AP map found.
T3408 000:393.799   AP[0]: APB-AP (IDR: Not set, ADDR: 0x00000000)
T3408 000:393.806   AP[1]: APB-AP (IDR: Not set, ADDR: 0x00000000)
T3408 000:393.813   AP[2]: AXI-AP (IDR: Not set, ADDR: 0x00000000)
T3408 000:393.820   Using preconfigured AP[1] as APB-AP
T3408 000:393.826   AP[1]: APB-AP found
T3408 000:393.834   DebugRegs + CTI manually specified. ROM table scan skipped.
T3408 000:398.371   Cortex-R52 @ 0x80410000 (configured)
T3408 000:398.383   CoreCTI @ 0x80420000 (configured)
T3408 000:402.781   Debug architecture: ARMv8.0
T3408 000:402.795   8 code breakpoints, 8 data breakpoints
T3408 000:406.278   Processor features:
T3408 000:406.289     EL0 support: AArch32
T3408 000:406.296     EL1 support: AArch32
T3408 000:406.303     EL2 support: AArch32
T3408 000:406.310     EL3 support: N/A
T3408 000:406.319     FPU support: Single + Double + Conversion
T3408 000:411.793   -- Max. mem block: 0x00001B60
T3408 000:421.027   Add. info (CPU temp. halted)
T3408 000:456.272   Current exception level: EL1
T3408 000:456.294   Exception level AArch usage:
T3408 000:456.301     EL0: AArch32
T3408 000:456.308     EL1: AArch32
T3408 000:456.314     EL2: AArch32
T3408 000:456.321     EL3: AArch32
T3408 000:456.328   Non-secure status: Non-secure
T3408 000:459.572   Cache info:
T3408 000:459.583     Inner cache boundary: none
T3408 000:459.590     LoU Uniprocessor: 1
T3408 000:459.597     LoC: 1
T3408 000:459.604     LoU Inner Shareable: 1
T3408 000:465.399   I-Cache L1: 16 KB, 64 Sets, 64 Bytes/Line, 4-Way
T3408 000:465.421   D-Cache L1: 16 KB, 64 Sets, 64 Bytes/Line, 4-Way
T3408 000:471.053 - 329.249ms returns 0x00
T3408 000:471.081 JLINK_Halt()
T3408 000:498.064 - 26.982ms returns 0x00
T3408 000:498.089 JLINK_IsHalted()
T3408 000:498.095 - 0.005ms returns TRUE
T3408 000:498.104 JLINK_ResetPullsRESET(ON)
T3408 000:498.109 - 0.005ms 
T3408 000:498.117 JLINK_Reset()
T3408 000:498.126   ResetTarget() start
T3408 000:498.134    J-Link Script File: Executing ResetTarget()
T3408 000:831.075   Authenticated device detected. Skipping authentication process.
T3408 000:831.100     OCDREG_STATUS: 0x00000001
T3408 001:049.158   Disabled core power domain detected.
T3408 001:076.158   Enabling debug mode...
T3408 001:117.881   ResetTarget() end - Took 619ms
T3408 001:117.911   Device specific reset executed.
T3408 001:147.182 - 649.063ms 
T3408 001:147.274 JLINK_IsHalted()
T3408 001:147.282 - 0.008ms returns TRUE
T3408 001:150.176 JLINK_IsHalted()
T3408 001:150.188 - 0.012ms returns TRUE
T3408 001:150.195 JLINK_MeasureCPUSpeed(RAMAddr = 0xFFFFFFFF)
T3408 001:150.200 - 0.005ms returns 0
T3408 001:150.330 JLINK_ReadReg(AARCH32_CPSR)
T3408 001:150.342 - 0.011ms returns 0x000001DA
T5608 003:496.384 JLINK_BeginDownload(Flags = 0x00000000)
T5608 003:496.413 - 0.029ms 
T5608 003:512.224 JLINK_IsHalted()
T5608 003:515.301 - 3.076ms returns TRUE
T5608 003:515.330 JLINK_WriteMem(0x60000000, 0x4C Bytes, ...)
T5608 003:515.337   Data:  00 00 00 00 00 00 00 00 00 00 00 00 00 00 00 00 ...
T5608 003:515.547   completely In flash
T5608 003:515.556 - 0.226ms returns 0x4C
T5608 003:516.096 JLINK_IsHalted()
T5608 003:516.109 - 0.012ms returns TRUE
T5608 003:516.115 JLINK_WriteMem(0x6000004C, 0xBB4 Bytes, ...)
T5608 003:516.120   Data:  00 00 A0 E3 7F 10 0F E3 FA 12 40 E3 01 00 90 E2 ...
T5608 003:516.132   completely In flash
T5608 003:516.141 - 0.025ms returns 0xBB4
T5608 003:516.400 JLINK_IsHalted()
T5608 003:516.416 - 0.015ms returns TRUE
T5608 003:516.424 JLINK_WriteMem(0x60000C00, 0x44C Bytes, ...)
T5608 003:516.431   Data:  04 EE 16 3F 70 47 70 B5 02 0A C0 B2 4B 78 13 F0 ...
T5608 003:516.442   completely In flash
T5608 003:516.450 - 0.026ms returns 0x44C
T5608 003:516.769 JLINK_IsHalted()
T5608 003:516.789 - 0.019ms returns TRUE
T5608 003:516.796 JLINK_WriteMem(0x6000104C, 0x910 Bytes, ...)
T5608 003:516.802   Data:  12 00 00 00 C7 FF 01 00 12 00 10 00 C7 FF 11 00 ...
T5608 003:516.816   completely In flash
T5608 003:516.832 - 0.036ms returns 0x910
T5608 003:517.046 JLINK_IsHalted()
T5608 003:517.059 - 0.013ms returns TRUE
T5608 003:517.065 JLINK_WriteMem(0x6000195C, 0x40 Bytes, ...)
T5608 003:517.070   Data:  18 F0 9F E5 18 F0 9F E5 18 F0 9F E5 18 F0 9F E5 ...
T5608 003:517.079   completely In flash
T5608 003:517.086 - 0.021ms returns 0x40
T5608 003:517.451 JLINK_IsHalted()
T5608 003:517.466 - 0.015ms returns TRUE
T5608 003:517.473 JLINK_WriteMem(0x6000199C, 0xBC4 Bytes, ...)
T5608 003:517.478   Data:  10 B5 14 46 4F F0 00 0C 0E E0 03 6A 91 F8 00 E0 ...
T5608 003:517.490   completely In flash
T5608 003:517.498 - 0.025ms returns 0xBC4
T5608 003:517.856 JLINK_IsHalted()
T5608 003:517.869 - 0.013ms returns TRUE
T5608 003:517.875 JLINK_WriteMem(0x60002560, 0xBD0 Bytes, ...)
T5608 003:517.881   Data:  33 F8 12 30 9B B2 02 2B 00 D0 70 47 4F F4 80 52 ...
T5608 003:517.892   completely In flash
T5608 003:517.901 - 0.025ms returns 0xBD0
T5608 003:518.183 JLINK_IsHalted()
T5608 003:518.193 - 0.009ms returns TRUE
T5608 003:518.199 JLINK_WriteMem(0x60003130, 0xBB0 Bytes, ...)
T5608 003:518.204   Data:  4B F6 4C 43 C0 F2 00 03 33 F8 10 30 9B B2 02 2B ...
T5608 003:518.213   completely In flash
T5608 003:518.221 - 0.022ms returns 0xBB0
T5608 003:518.490 JLINK_IsHalted()
T5608 003:518.500 - 0.009ms returns TRUE
T5608 003:518.506 JLINK_WriteMem(0x60003CE0, 0xBC0 Bytes, ...)
T5608 003:518.511   Data:  13 80 70 47 20 BB 4F F4 80 52 C8 F2 20 02 B2 F8 ...
T5608 003:518.522   completely In flash
T5608 003:518.530 - 0.023ms returns 0xBC0
T5608 003:518.808 JLINK_IsHalted()
T5608 003:518.819 - 0.010ms returns TRUE
T5608 003:518.825 JLINK_WriteMem(0x600048A0, 0xBB0 Bytes, ...)
T5608 003:518.830   Data:  42 F6 A3 12 C0 F2 00 02 5A 61 9A 61 DA 61 1A 62 ...
T5608 003:518.839   completely In flash
T5608 003:518.846 - 0.021ms returns 0xBB0
T5608 003:519.146 JLINK_IsHalted()
T5608 003:519.162 - 0.015ms returns TRUE
T5608 003:519.168 JLINK_WriteMem(0x60005450, 0xBD0 Bytes, ...)
T5608 003:519.174   Data:  20 46 FD F7 BB FB 10 BD 10 B5 04 46 0A 20 FE F7 ...
T5608 003:519.186   completely In flash
T5608 003:519.194 - 0.025ms returns 0xBD0
T5608 003:519.479 JLINK_IsHalted()
T5608 003:519.490 - 0.011ms returns TRUE
T5608 003:519.496 JLINK_WriteMem(0x60006020, 0xBB0 Bytes, ...)
T5608 003:519.501   Data:  C0 F2 00 03 1B 88 03 F4 7F 43 B3 F5 00 6F 13 D0 ...
T5608 003:519.510   completely In flash
T5608 003:519.518 - 0.022ms returns 0xBB0
T5608 003:519.795 JLINK_IsHalted()
T5608 003:519.805 - 0.010ms returns TRUE
T5608 003:519.811 JLINK_WriteMem(0x60006BD0, 0xBB0 Bytes, ...)
T5608 003:519.816   Data:  10 BD 00 F1 20 03 00 22 C9 F2 11 42 D2 F8 80 40 ...
T5608 003:519.829   completely In flash
T5608 003:519.837 - 0.025ms returns 0xBB0
T5608 003:520.144 JLINK_IsHalted()
T5608 003:520.166 - 0.022ms returns TRUE
T5608 003:520.175 JLINK_WriteMem(0x60007780, 0xB90 Bytes, ...)
T5608 003:520.182   Data:  85 F1 20 36 00 2D 92 D1 F3 E7 00 BF 70 47 00 BF ...
T5608 003:520.191   completely In flash
T5608 003:520.199 - 0.024ms returns 0xB90
T5608 003:520.495 JLINK_IsHalted()
T5608 003:520.510 - 0.014ms returns TRUE
T5608 003:520.516 JLINK_WriteMem(0x60008310, 0xBB0 Bytes, ...)
T5608 003:520.522   Data:  C3 EB 22 43 92 B2 03 EB 10 43 42 EA 03 42 4F EA ...
T5608 003:520.533   completely In flash
T5608 003:520.540 - 0.024ms returns 0xBB0
T5608 003:520.825 JLINK_IsHalted()
T5608 003:520.838 - 0.012ms returns TRUE
T5608 003:520.844 JLINK_WriteMem(0x60008EC0, 0xBB0 Bytes, ...)
T5608 003:520.850   Data:  2B 60 D6 E7 20 68 21 18 8B 42 02 BF 19 68 5B 68 ...
T5608 003:520.858   completely In flash
T5608 003:520.866 - 0.022ms returns 0xBB0
T5608 003:521.129 JLINK_IsHalted()
T5608 003:521.141 - 0.012ms returns TRUE
T5608 003:521.148 JLINK_WriteMem(0x60009A70, 0xB50 Bytes, ...)
T5608 003:521.153   Data:  00 2B C6 D0 1D 2B 01 D0 16 2B 1E D1 2F 60 00 20 ...
T5608 003:521.164   completely In flash
T5608 003:521.172 - 0.024ms returns 0xB50
T5608 003:521.336 JLINK_IsHalted()
T5608 003:521.349 - 0.013ms returns TRUE
T5608 003:521.371 JLINK_WriteMem(0x6000A5C0, 0x8 Bytes, ...)
T5608 003:521.376   Data:  C4 D0 FF 7F 01 00 00 00
T5608 003:521.385   completely In flash
T5608 003:521.392 - 0.021ms returns 0x8
T5608 003:521.552 JLINK_IsHalted()
T5608 003:521.561 - 0.009ms returns TRUE
T5608 003:521.568 JLINK_WriteMem(0x6000A5C8, 0x4 Bytes, ...)
T5608 003:521.572   Data:  00 00 00 00
T5608 003:521.581   completely In flash
T5608 003:521.588 - 0.020ms returns 0x4
T5608 003:521.884 JLINK_IsHalted()
T5608 003:521.897 - 0.012ms returns TRUE
T5608 003:521.904 JLINK_WriteMem(0x6000A5CC, 0xBE4 Bytes, ...)
T5608 003:521.909   Data:  00 8E 00 00 F0 8D 00 00 C4 8D 00 00 94 8D 00 00 ...
T5608 003:521.918   completely In flash
T5608 003:521.926 - 0.022ms returns 0xBE4
T5608 003:522.212 JLINK_IsHalted()
T5608 003:522.224 - 0.012ms returns TRUE
T5608 003:522.231 JLINK_WriteMem(0x6000B1B0, 0xBE0 Bytes, ...)
T5608 003:522.237   Data:  00 00 00 00 00 00 00 00 00 00 00 00 00 00 00 00 ...
T5608 003:522.246   completely In flash
T5608 003:522.254 - 0.023ms returns 0xBE0
T5608 003:522.390 JLINK_IsHalted()
T5608 003:522.402 - 0.012ms returns TRUE
T5608 003:522.408 JLINK_WriteMem(0x6000BD90, 0x58 Bytes, ...)
T5608 003:522.414   Data:  00 00 00 00 00 00 00 00 00 00 00 00 00 00 00 00 ...
T5608 003:522.423   completely In flash
T5608 003:522.430 - 0.021ms returns 0x58
T5608 003:543.021 JLINK_EndDownload()
T5608 003:546.205    -- --------------------------------------
T5608 003:546.248    -- Start of determining flash info (Bank @ 0x60000000)
T5608 003:546.273    -- Loader provides SEGGER_OPEN_GetFlashInfo(). Determining dynamic flash info (sectorization etc.) now
T5608 003:546.286    -- Preparing RAMCode
T5608 003:546.293    -- Calculating RAM usage
T5608 003:546.301    -- RAM usage = 14128 Bytes
T5608 003:546.308    -- Preserving CPU registers
T5608 003:546.338    -- Preparing memory
T5608 003:546.345    -- Preparing target
T5608 003:546.353    -- Preserving target RAM temporarily used for programming
T5608 004:111.463    -- Downloading RAMCode
T5608 004:582.009    -- Initializing RAMCode (InitType: 3 = Verify)
T5608 004:582.037    -- Executing SEGGER_FL_Prepare(3)
T5608 004:670.792    -- Executing SEGGER_FL_Restore()
T5608 004:706.431    -- Restoring target memory
T5608 004:838.129    -- Restoring CPU registers
T5608 004:838.183    -- SEGGER_OPEN_GetFlashInfo(): Loader detected 1 sector ranges.
T5608 004:838.192    -- End of determining flash info
T5608 004:838.200    -- Start of determining dirty areas in flash cache
T5608 004:838.209    -- Filling invalid ranges in sector buffer (flash cache) for sector @ 0x60000000 if necessary
T5608 004:848.447    -- End of determining dirty areas
T5608 004:848.469    -- Start of preparing flash programming
T5608 004:848.477    -- Preparing RAMCode
T5608 004:848.485    -- Calculating RAM usage
T5608 004:848.494    -- RAM usage = 18224 Bytes
T5608 004:848.501    -- Preserving CPU registers
T5608 004:848.531    -- Preparing memory
T5608 004:848.538    -- Preparing target
T5608 004:848.545    -- Preserving target RAM temporarily used for programming
T5608 005:576.404    -- Downloading RAMCode
T5608 006:048.159    -- Initializing RAMCode (InitType: 3 = Verify)
T5608 006:048.186    -- Executing SEGGER_FL_Prepare(3)
T5608 006:109.507    -- End of preparing flash programming
T5608 006:115.698    -- CPU speed could not be measured.
T5608 006:115.726    -- Start of comparing flash
T5608 006:115.734    -- CRC check was estimated as fastest method
T5608 006:181.649    -- Comparing range 0x60000000 - 0x6000FFFF (1 Sector, 64 KB), using single-block CRC calculation
T5608 006:181.685    -- Recalculating RAMUsage for optimal performance during programming
T5608 006:181.698    -- RAM usage changed from 18224 to 14128 Bytes
T5608 006:317.210    -- CRC does not match for sector 0
T5608 006:317.248    -- End of comparing flash
T5608 006:317.261    -- Start of erasing sectors
T5608 006:317.275    -- Erasing range 0x60000000 - 0x6000FFFF (  1 Sector, 64 KB)
T5608 006:317.357    -- Recalculating RAMUsage for optimal performance during programming
T5608 006:317.370    -- RAM usage changed from 18224 to 14128 Bytes
T5608 006:617.558    -- End of erasing sectors
T5608 006:617.591    -- Start of flash programming
T5608 006:617.606    -- Programming range 0x60000000 - 0x6000FFFF (  1 Sector, 64 KB)
T5608 006:619.653    -- Recalculating RAMUsage for optimal performance during programming
T5608 006:619.674    -- RAM usage changed from 18224 to 14128 Bytes
T5608 007:599.289    -- End of flash programming
T5608 007:599.317    -- 0x60000000 - 0x6000FFFF (  1 Sector, 64 KB)
T5608 007:599.329    -- Start of verifying flash
T5608 007:599.340    -- Use CRC or checksum calculation as verify method
T5608 007:599.350    -- Checksum is not supported by this flash bank. Switched to read back method.
T5608 007:599.362    -- Recalculating RAMUsage for optimal performance during programming
T5608 007:599.374    -- RAM usage changed from 18224 to 14128 Bytes
T5608 007:729.581    -- End of verifying flash
T5608 007:729.612    -- Start of restoring
T5608 007:729.621    -- Executing SEGGER_FL_Restore()
T5608 007:765.659    -- Restoring target memory
T5608 007:931.393    -- Restoring CPU registers
T5608 007:931.457    -- End of restoring
T5608 007:931.474    -- Bank 0 @ 0x60000000: 1 range affected (65536 bytes)
T5608 007:931.488    -- Total: 3.082s (Prepare: 1.267s, Compare: 0.201s, Erase: 0.300s, Program: 0.981s, Verify: 0.130s, Restore: 0.201s)
T5608 007:931.500    -- Program speed: 64 KB/s
T5608 007:958.531 - 4415.507ms returns 65536 (0x10000)
T5608 007:964.665 JLINK_WriteReg(AARCH32_PC, 0x00102000)
T5608 007:964.700 - 0.035ms returns 0
T5608 007:964.711 JLINK_ReadReg(AARCH32_CPSR)
T5608 007:964.717 - 0.006ms returns 0x000001DA
T5608 007:964.723 JLINK_WriteReg(AARCH32_CPSR, 0x000001DA)
T5608 007:964.728 - 0.005ms returns 0
T5608 007:965.374 JLINK_ResetPullsRESET(ON)
T5608 007:965.394 - 0.021ms 
T5608 007:965.401 JLINK_Halt()
T5608 007:965.408 - 0.006ms returns 0x00
T5608 007:965.413 JLINK_IsHalted()
T5608 007:965.421 - 0.006ms returns TRUE
T5608 007:965.425 JLINK_Reset()
T5608 007:965.438   ResetTarget() start
T5608 007:965.445    J-Link Script File: Executing ResetTarget()
T5608 008:298.640   Authenticated device detected. Skipping authentication process.
T5608 008:298.668     OCDREG_STATUS: 0x00000001
T5608 008:521.665   Disabled core power domain detected.
T5608 008:548.657   Enabling debug mode...
T5608 008:590.461   ResetTarget() end - Took 625ms
T5608 008:590.485   Device specific reset executed.
T5608 008:619.690 - 654.263ms 
T5608 008:619.730 JLINK_SetEndian(ARM_ENDIAN_LITTLE)
T5608 008:619.738 - 0.007ms returns 0
T5608 008:633.659 JLINK_IsHalted()
T5608 008:633.689 - 0.029ms returns TRUE
T5608 008:633.696 JLINK_ReadMem(0x00102000, 0x4 Bytes, ...)
T5608 008:633.712   CPU_ReadMem(4 bytes @ 0x00102000)
T5608 008:637.900   Data:  00 00 A0 E3
T5608 008:637.914 - 4.218ms returns 0
T5608 008:662.144 JLINK_IsHalted()
T5608 008:662.182 - 0.037ms returns TRUE
T5608 008:662.189 JLINK_ReadMem(0x00102000, 0x4 Bytes, ...)
T5608 008:662.206   CPU_ReadMem(4 bytes @ 0x00102000)
T5608 008:665.900   Data:  00 00 A0 E3
T5608 008:665.918 - 3.729ms returns 0
T5608 009:055.206 JLINK_GetNumBPUnits(Type = 0xFFFFFF00)
T5608 009:055.238 - 0.032ms returns 0x08
T5608 009:055.245 JLINK_GetNumWPUnits()
T5608 009:055.250 - 0.005ms returns 8
T5608 009:055.260 JLINK_GetNumBPUnits(Type = 0xFFFFFF00)
T5608 009:055.265 - 0.005ms returns 0x08
T5608 009:055.270 JLINK_GetNumWPUnits()
T5608 009:055.275 - 0.004ms returns 8
T5608 009:055.284 JLINK_GetNumBPUnits(Type = 0xFFFFFF00)
T5608 009:055.289 - 0.005ms returns 0x08
T5608 009:055.295 JLINK_GetNumWPUnits()
T5608 009:055.300 - 0.005ms returns 8
T5608 009:055.338 JLINK_SetBPEx(Addr = 0x000007EC, Type = 0xFFFFFF00)
T5608 009:055.347 - 0.010ms returns 0x00000001
T5608 009:055.354 JLINK_ClrBPEx(BPHandle = 0x00000001)
T5608 009:055.361 - 0.006ms returns 0x00
T5608 009:056.226 JLINK_IsHalted()
T5608 009:056.252 - 0.025ms returns TRUE
T5608 009:056.261 JLINK_ReadMem(0x000007C0, 0x40 Bytes, ...)
T5608 009:056.276   CPU_ReadMem(64 bytes @ 0x000007C0)
T5608 009:062.278   Data:  00 00 00 00 00 00 00 00 00 00 00 00 00 00 00 00 ...
T5608 009:062.306 - 6.045ms returns 0
T5608 009:062.856 JLINK_IsHalted()
T5608 009:062.872 - 0.016ms returns TRUE
T5608 009:062.879 JLINK_ReadMem(0x000007EE, 0x2 Bytes, ...)
T5608 009:062.893   CPU_ReadMem(2 bytes @ 0x000007EE)
T5608 009:066.566   Data:  00 00
T5608 009:066.584 - 3.704ms returns 0
T5608 009:066.913 JLINK_SetBPEx(Addr = 0x000007EE, Type = 0xFFFFFF00)
T5608 009:066.926 - 0.013ms returns 0x00000002
T5608 009:087.817 JLINK_ReadRegs(NumRegs = 17)
T5608 009:087.866   
  AARCH32_R0 (116)  = 0x00                 AARCH32_R1 (117)  = 0x2FAF07F            AARCH32_R2 (118)  = 0xA500               AARCH32_R3 (119)  = 0x80281300        
  AARCH32_R4 (120)  = 0x102000             AARCH32_R5 (121)  = 0x78FB261            AARCH32_R6 (122)  = 0x79D51D7            AARCH32_R7 (123)  = 0x78787A8         
  AARCH32_R8 (189)  = 0x74759F7            AARCH32_R9 (190)  = 0x78787A8            AARCH32_R10 (191) = 0xF8704D9E           AARCH32_R11 (192) = 0x00              
  AARCH32_R12 (193) = 0xE51FF004           AARCH32_R13 (194) = 0x101FB8             AARCH32_R14 (195) = 0x10007D             AARCH32_PC (147)  = 0x10200C          
  AARCH32_CPSR (149) = 0x800001DA        
T5608 009:087.876 - 0.060ms returns 0x00
T5608 009:088.805 JLINK_IsHalted()
T5608 009:088.822 - 0.016ms returns TRUE
T5608 009:088.828 JLINK_ReadMem(0x0010200C, 0x4 Bytes, ...)
T5608 009:088.846   CPU_ReadMem(4 bytes @ 0x0010200C)
T5608 009:093.000   Data:  01 00 90 E2
T5608 009:093.034 - 4.205ms returns 0
T5608 009:096.690 JLINK_IsHalted()
T5608 009:099.758 - 3.068ms returns TRUE
T5608 009:099.808 JLINK_ReadMem(0x0010200C, 0x4 Bytes, ...)
T5608 009:099.828   CPU_ReadMem(4 bytes @ 0x0010200C)
T5608 009:103.978   Data:  01 00 90 E2
T5608 009:104.016 - 4.208ms returns 0
T6024 009:465.390 JLINK_GetNumBPUnits(Type = 0xFFFFFF00)
T6024 009:465.416 - 0.025ms returns 0x08
T6024 009:465.422 JLINK_GetNumWPUnits()
T6024 009:465.427 - 0.005ms returns 8
T6024 009:465.648 JLINK_GetNumBPUnits(Type = 0xFFFFFF00)
T6024 009:465.674 - 0.026ms returns 0x08
T6024 009:465.683 JLINK_GetNumWPUnits()
T6024 009:465.690 - 0.006ms returns 8
T6024 009:465.963 JLINK_GetNumBPUnits(Type = 0xFFFFFF00)
T6024 009:465.978 - 0.014ms returns 0x08
T6024 009:465.983 JLINK_GetNumWPUnits()
T6024 009:465.988 - 0.004ms returns 8
T6024 009:466.341 JLINK_GetNumBPUnits(Type = 0xFFFFFF00)
T6024 009:466.362 - 0.021ms returns 0x08
T6024 009:466.371 JLINK_GetNumWPUnits()
T6024 009:466.378 - 0.006ms returns 8
T6024 009:466.806 JLINK_GetNumBPUnits(Type = 0xFFFFFF00)
T6024 009:466.822 - 0.016ms returns 0x08
T6024 009:466.830 JLINK_GetNumWPUnits()
T6024 009:466.837 - 0.006ms returns 8
T6024 009:467.074 JLINK_GetNumBPUnits(Type = 0xFFFFFF00)
T6024 009:467.090 - 0.016ms returns 0x08
T6024 009:467.098 JLINK_GetNumWPUnits()
T6024 009:467.104 - 0.006ms returns 8
T6024 009:467.275 JLINK_GetNumBPUnits(Type = 0xFFFFFF00)
T6024 009:467.289 - 0.013ms returns 0x08
T6024 009:467.297 JLINK_GetNumWPUnits()
T6024 009:467.303 - 0.006ms returns 8
T6024 009:467.474 JLINK_GetNumBPUnits(Type = 0xFFFFFF00)
T6024 009:467.494 - 0.019ms returns 0x08
T6024 009:467.500 JLINK_GetNumWPUnits()
T6024 009:467.505 - 0.005ms returns 8
T5608 014:044.731 JLINK_IsHalted()
T5608 014:052.122 - 7.388ms returns TRUE
T5608 014:052.160 JLINK_GoEx(MaxEmulInsts = 0, Flags = 0x01)
T5608 014:082.622   Memory map 'after startup completion point' is active
T5608 014:082.653 - 30.493ms 
T5608 014:191.565 JLINK_IsHalted()
T5608 014:194.106 - 2.540ms returns FALSE
T5608 014:194.120 JLINK_IsHalted()
T5608 014:197.070 - 2.949ms returns FALSE
T5608 014:300.765 JLINK_IsHalted()
T5608 014:304.118 - 3.352ms returns FALSE
T5608 014:304.136 JLINK_IsHalted()
T5608 014:307.099 - 2.962ms returns FALSE
T5608 014:409.851 JLINK_IsHalted()
T5608 014:413.123 - 3.270ms returns FALSE
T5608 014:413.158 JLINK_IsHalted()
T5608 014:416.117 - 2.958ms returns FALSE
T5608 014:519.734 JLINK_IsHalted()
T5608 014:523.114 - 3.379ms returns FALSE
T5608 014:523.125 JLINK_IsHalted()
T5608 014:526.090 - 2.965ms returns FALSE
T5608 014:628.856 JLINK_IsHalted()
T5608 014:632.122 - 3.264ms returns FALSE
T5608 014:632.134 JLINK_IsHalted()
T5608 014:635.104 - 2.969ms returns FALSE
T5608 014:738.085 JLINK_IsHalted()
T5608 014:741.178 - 3.092ms returns FALSE
T5608 014:741.192 JLINK_IsHalted()
T5608 014:744.112 - 2.919ms returns FALSE
T5608 014:850.218 JLINK_IsHalted()
T5608 014:853.138 - 2.919ms returns FALSE
T5608 014:853.147 JLINK_IsHalted()
T5608 014:856.131 - 2.983ms returns FALSE
T5608 014:956.347 JLINK_IsHalted()
T5608 014:959.160 - 2.812ms returns FALSE
T5608 014:959.174 JLINK_IsHalted()
T5608 014:962.157 - 2.983ms returns FALSE
T6024 015:048.064 JLINK_IsHalted()
T6024 015:051.149 - 3.084ms returns FALSE
T6024 015:051.162 JLINK_IsHalted()
T6024 015:059.166 - 8.002ms returns FALSE
T5608 015:065.960 JLINK_IsHalted()
T5608 015:069.152 - 3.191ms returns FALSE
T5608 015:069.166 JLINK_IsHalted()
T5608 015:072.154 - 2.986ms returns FALSE
T5608 015:175.792 JLINK_IsHalted()
T5608 015:202.184 - 26.391ms returns TRUE
T5608 015:202.242 JLINK_ReadReg(AARCH32_PC)
T5608 015:202.251 - 0.009ms returns 0x000007EE
T5608 015:202.259 JLINK_ReadReg(AARCH32_CPSR)
T5608 015:202.264 - 0.005ms returns 0x20000033
T5608 015:202.270 JLINK_ReadReg(AARCH32_PC)
T5608 015:202.275 - 0.005ms returns 0x000007EE
T5608 015:202.282 JLINK_ReadReg(AARCH32_CPSR)
T5608 015:202.286 - 0.005ms returns 0x20000033
T5608 015:202.293 JLINK_IsHalted()
T5608 015:202.298 - 0.005ms returns TRUE
T5608 015:202.304 JLINK_ReadReg(AARCH32_CPSR)
T5608 015:202.309 - 0.004ms returns 0x20000033
T5608 015:202.314 JLINK_ReadReg(AARCH32_PC)
T5608 015:202.318 - 0.004ms returns 0x000007EE
T5608 015:202.325 JLINK_ReadReg(AARCH32_CPSR)
T5608 015:202.330 - 0.004ms returns 0x20000033
T5608 015:202.382 JLINK_IsHalted()
T5608 015:202.387 - 0.005ms returns TRUE
T5608 015:202.394 JLINK_ReadReg(AARCH32_PC)
T5608 015:202.400 - 0.005ms returns 0x000007EE
T5608 015:202.405 JLINK_ReadReg(AARCH32_CPSR)
T5608 015:202.410 - 0.005ms returns 0x20000033
T5608 015:202.416 JLINK_ReadReg(AARCH32_PC)
T5608 015:202.421 - 0.005ms returns 0x000007EE
T5608 015:202.427 JLINK_ReadReg(AARCH32_CPSR)
T5608 015:202.432 - 0.004ms returns 0x20000033
T5608 015:202.438 JLINK_IsHalted()
T5608 015:202.443 - 0.004ms returns TRUE
T5608 015:202.448 JLINK_ReadReg(AARCH32_CPSR)
T5608 015:202.453 - 0.005ms returns 0x20000033
T5608 015:202.459 JLINK_ReadReg(AARCH32_PC)
T5608 015:202.464 - 0.005ms returns 0x000007EE
T5608 015:202.470 JLINK_ReadReg(AARCH32_CPSR)
T5608 015:202.475 - 0.005ms returns 0x20000033
T5608 015:202.862 JLINK_ReadRegs(NumRegs = 17)
T5608 015:202.882   
  AARCH32_R0 (116)  = 0x01                 AARCH32_R1 (117)  = 0x81281000           AARCH32_R2 (118)  = 0xA502               AARCH32_R3 (119)  = 0x401             
  AARCH32_R4 (120)  = 0x102000             AARCH32_R5 (121)  = 0x78FB261            AARCH32_R6 (122)  = 0x79D51D7            AARCH32_R7 (123)  = 0x78787A8         
  AARCH32_R8 (189)  = 0x74759F7            AARCH32_R9 (190)  = 0x78787A8            AARCH32_R10 (191) = 0xF8704D9E           AARCH32_R11 (192) = 0x00              
  AARCH32_R12 (193) = 0x81281D70           AARCH32_R13 (194) = 0x1040F8             AARCH32_R14 (195) = 0x102287             AARCH32_PC (147)  = 0x7EE             
  AARCH32_CPSR (149) = 0x20000033        
T5608 015:202.890 - 0.028ms returns 0x00
T5608 015:204.027 JLINK_IsHalted()
T5608 015:204.042 - 0.014ms returns TRUE
T5608 015:204.048 JLINK_ReadMem(0x000007EE, 0x4 Bytes, ...)
T5608 015:204.061   CPU_ReadMem(64 bytes @ 0x000007C0)
T5608 015:210.752    -- Updating DA cache (64 bytes @ 0x000007C0)
T5608 015:210.771    -- Read from DA cache (4 bytes @ 0x000007EE)
T5608 015:210.781   Data:  FF F7 AB FC
T5608 015:210.790 - 6.742ms returns 0
T5608 015:211.605 JLINK_ClrBPEx(BPHandle = 0x00000002)
T5608 015:211.629 - 0.024ms returns 0x00
T5608 015:226.378 JLINK_IsHalted()
T5608 015:226.405 - 0.028ms returns TRUE
T5608 015:226.413 JLINK_ReadMem(0x000007EE, 0x4 Bytes, ...)
T5608 015:226.426    -- Read from DA cache (4 bytes @ 0x000007EE)
T5608 015:226.434   Data:  FF F7 AB FC
T5608 015:226.440 - 0.028ms returns 0
T5608 016:027.531 JLINK_IsHalted()
T5608 016:030.357 - 2.824ms returns TRUE
T5608 016:030.389 JLINK_GoEx(MaxEmulInsts = 0, Flags = 0x01)
T5608 016:059.184 - 28.793ms 
T5608 016:159.733 JLINK_IsHalted()
T5608 016:162.269 - 2.536ms returns FALSE
T5608 016:162.307 JLINK_IsHalted()
T5608 016:165.256 - 2.948ms returns FALSE
T5608 016:268.858 JLINK_IsHalted()
T5608 016:272.253 - 3.395ms returns FALSE
T5608 016:272.267 JLINK_IsHalted()
T5608 016:275.270 - 3.001ms returns FALSE
T5608 016:379.026 JLINK_IsHalted()
T5608 016:382.251 - 3.225ms returns FALSE
T5608 016:382.264 JLINK_IsHalted()
T5608 016:385.234 - 2.968ms returns FALSE
T5608 016:488.754 JLINK_IsHalted()
T5608 016:491.259 - 2.506ms returns FALSE
T5608 016:491.274 JLINK_IsHalted()
T5608 016:494.242 - 2.967ms returns FALSE
T5608 016:597.866 JLINK_IsHalted()
T5608 016:600.267 - 2.401ms returns FALSE
T5608 016:600.280 JLINK_IsHalted()
T5608 016:603.314 - 3.033ms returns FALSE
T5608 016:706.498 JLINK_IsHalted()
T5608 016:709.278 - 2.779ms returns FALSE
T5608 016:709.288 JLINK_IsHalted()
T5608 016:712.274 - 2.984ms returns FALSE
T5608 016:816.034 JLINK_IsHalted()
T5608 016:819.298 - 3.265ms returns FALSE
T5608 016:819.318 JLINK_IsHalted()
T5608 016:822.280 - 2.960ms returns FALSE
T5608 016:928.380 JLINK_IsHalted()
T5608 016:931.300 - 2.919ms returns FALSE
T5608 016:931.324 JLINK_IsHalted()
T5608 016:934.282 - 2.957ms returns FALSE
T6024 017:030.780 JLINK_IsHalted()
T6024 017:033.322 - 2.540ms returns FALSE
T6024 017:033.358 JLINK_IsHalted()
T6024 017:036.288 - 2.930ms returns FALSE
T5608 017:036.346 JLINK_IsHalted()
T5608 017:039.324 - 2.977ms returns FALSE
T5608 017:039.342 JLINK_IsHalted()
T5608 017:042.324 - 2.981ms returns FALSE
T5608 017:144.544 JLINK_IsHalted()
T5608 017:147.330 - 2.786ms returns FALSE
T5608 017:147.346 JLINK_IsHalted()
T5608 017:150.312 - 2.966ms returns FALSE
T5608 017:253.728 JLINK_IsHalted()
T5608 017:256.330 - 2.602ms returns FALSE
T5608 017:256.344 JLINK_IsHalted()
T5608 017:259.318 - 2.972ms returns FALSE
T5608 017:363.448 JLINK_IsHalted()
T5608 017:366.338 - 2.890ms returns FALSE
T5608 017:366.364 JLINK_IsHalted()
T5608 017:369.320 - 2.956ms returns FALSE
T5608 017:472.604 JLINK_IsHalted()
T5608 017:475.340 - 2.735ms returns FALSE
T5608 017:475.354 JLINK_IsHalted()
T5608 017:478.334 - 2.980ms returns FALSE
T5608 017:581.998 JLINK_IsHalted()
T5608 017:585.372 - 3.372ms returns FALSE
T5608 017:585.386 JLINK_IsHalted()
T5608 017:588.366 - 2.978ms returns FALSE
T5608 017:691.370 JLINK_IsHalted()
T5608 017:694.356 - 2.984ms returns FALSE
T5608 017:694.376 JLINK_IsHalted()
T5608 017:697.362 - 2.985ms returns FALSE
T5608 017:800.816 JLINK_IsHalted()
T5608 017:803.366 - 2.549ms returns FALSE
T5608 017:803.380 JLINK_IsHalted()
T5608 017:806.382 - 3.000ms returns FALSE
T5608 017:909.956 JLINK_IsHalted()
T5608 017:913.420 - 3.464ms returns FALSE
T5608 017:913.444 JLINK_IsHalted()
T5608 017:916.408 - 2.964ms returns FALSE
T5608 018:018.986 JLINK_IsHalted()
T5608 018:022.444 - 3.457ms returns FALSE
T5608 018:022.468 JLINK_IsHalted()
T5608 018:025.422 - 2.952ms returns FALSE
T6024 018:036.316 JLINK_IsHalted()
T6024 018:039.436 - 3.118ms returns FALSE
T6024 018:039.464 JLINK_IsHalted()
T6024 018:042.420 - 2.953ms returns FALSE
T5608 018:128.626 JLINK_IsHalted()
T5608 018:131.462 - 2.836ms returns FALSE
T5608 018:131.480 JLINK_IsHalted()
T5608 018:134.408 - 2.928ms returns FALSE
T5608 018:237.788 JLINK_IsHalted()
T5608 018:240.432 - 2.644ms returns FALSE
T5608 018:240.450 JLINK_IsHalted()
T5608 018:243.424 - 2.973ms returns FALSE
T5608 018:347.340 JLINK_IsHalted()
T5608 018:350.436 - 3.095ms returns FALSE
T5608 018:350.452 JLINK_IsHalted()
T5608 018:353.420 - 2.966ms returns FALSE
T5608 018:456.516 JLINK_IsHalted()
T5608 018:459.460 - 2.943ms returns FALSE
T5608 018:459.478 JLINK_IsHalted()
T5608 018:462.432 - 2.953ms returns FALSE
T5608 018:565.736 JLINK_IsHalted()
T5608 018:568.470 - 2.733ms returns FALSE
T5608 018:568.502 JLINK_IsHalted()
T5608 018:571.446 - 2.943ms returns FALSE
T5608 018:675.388 JLINK_IsHalted()
T5608 018:678.466 - 3.077ms returns FALSE
T5608 018:678.482 JLINK_IsHalted()
T5608 018:681.460 - 2.978ms returns FALSE
T5608 018:785.088 JLINK_IsHalted()
T5608 018:788.460 - 3.371ms returns FALSE
T5608 018:788.476 JLINK_IsHalted()
T5608 018:791.688 - 3.211ms returns FALSE
T5608 018:894.666 JLINK_IsHalted()
T5608 018:897.466 - 2.799ms returns FALSE
T5608 018:897.484 JLINK_IsHalted()
T5608 018:900.472 - 2.988ms returns FALSE
T5608 019:003.318 JLINK_IsHalted()
T5608 019:006.474 - 3.154ms returns FALSE
T5608 019:006.500 JLINK_IsHalted()
T5608 019:009.480 - 2.980ms returns FALSE
T6024 019:042.506 JLINK_IsHalted()
T6024 019:045.512 - 3.006ms returns FALSE
T6024 019:045.530 JLINK_IsHalted()
T6024 019:048.484 - 2.953ms returns FALSE
T5608 019:113.452 JLINK_IsHalted()
T5608 019:116.468 - 3.018ms returns FALSE
T5608 019:116.486 JLINK_IsHalted()
T5608 019:119.472 - 2.984ms returns FALSE
T5608 019:222.558 JLINK_IsHalted()
T5608 019:225.492 - 2.933ms returns FALSE
T5608 019:225.532 JLINK_IsHalted()
T5608 019:228.492 - 2.958ms returns FALSE
T5608 019:331.668 JLINK_IsHalted()
T5608 019:334.500 - 2.833ms returns FALSE
T5608 019:334.522 JLINK_IsHalted()
T5608 019:337.490 - 2.967ms returns FALSE
T5608 019:441.356 JLINK_IsHalted()
T5608 019:444.518 - 3.163ms returns FALSE
T5608 019:444.538 JLINK_IsHalted()
T5608 019:447.492 - 2.954ms returns FALSE
T5608 019:550.476 JLINK_IsHalted()
T5608 019:553.524 - 3.047ms returns FALSE
T5608 019:553.550 JLINK_IsHalted()
T5608 019:556.508 - 2.957ms returns FALSE
T5608 019:659.420 JLINK_IsHalted()
T5608 019:662.588 - 3.168ms returns FALSE
T5608 019:662.604 JLINK_IsHalted()
T5608 019:665.520 - 2.913ms returns FALSE
T5608 019:769.110 JLINK_IsHalted()
T5608 019:771.540 - 2.430ms returns FALSE
T5608 019:771.556 JLINK_IsHalted()
T5608 019:774.554 - 2.994ms returns FALSE
T5608 019:878.880 JLINK_IsHalted()
T5608 019:881.556 - 2.675ms returns FALSE
T5608 019:881.572 JLINK_IsHalted()
T5608 019:884.554 - 2.980ms returns FALSE
T5608 019:989.610 JLINK_IsHalted()
T5608 019:992.526 - 2.917ms returns FALSE
T5608 019:992.542 JLINK_IsHalted()
T5608 019:995.566 - 3.024ms returns FALSE
T6024 020:047.682 JLINK_IsHalted()
T6024 020:050.560 - 2.876ms returns FALSE
T6024 020:050.578 JLINK_IsHalted()
T6024 020:053.546 - 2.967ms returns FALSE
T5608 020:097.604 JLINK_IsHalted()
T5608 020:100.558 - 2.952ms returns FALSE
T5608 020:100.586 JLINK_IsHalted()
T5608 020:103.550 - 2.965ms returns FALSE
T5608 020:207.108 JLINK_IsHalted()
T5608 020:209.578 - 2.469ms returns FALSE
T5608 020:209.594 JLINK_IsHalted()
T5608 020:212.564 - 2.969ms returns FALSE
T5608 020:316.128 JLINK_IsHalted()
T5608 020:318.542 - 2.414ms returns FALSE
T5608 020:318.558 JLINK_IsHalted()
T5608 020:321.550 - 2.991ms returns FALSE
T5608 020:425.846 JLINK_IsHalted()
T5608 020:428.578 - 2.731ms returns FALSE
T5608 020:428.594 JLINK_IsHalted()
T5608 020:431.564 - 2.971ms returns FALSE
T5608 020:534.560 JLINK_IsHalted()
T5608 020:537.568 - 3.008ms returns FALSE
T5608 020:537.578 JLINK_IsHalted()
T5608 020:540.580 - 2.999ms returns FALSE
T5608 020:644.462 JLINK_IsHalted()
T5608 020:647.582 - 3.119ms returns FALSE
T5608 020:647.596 JLINK_IsHalted()
T5608 020:650.572 - 2.975ms returns FALSE
T5608 020:753.998 JLINK_IsHalted()
T5608 020:756.588 - 2.588ms returns FALSE
T5608 020:756.596 JLINK_IsHalted()
T5608 020:759.598 - 3.001ms returns FALSE
T5608 020:862.834 JLINK_IsHalted()
T5608 020:865.602 - 2.768ms returns FALSE
T5608 020:865.616 JLINK_IsHalted()
T5608 020:868.580 - 2.963ms returns FALSE
T5608 020:972.052 JLINK_IsHalted()
T5608 020:974.644 - 2.590ms returns FALSE
T5608 020:974.668 JLINK_IsHalted()
T5608 020:977.640 - 2.969ms returns FALSE
T6024 021:053.958 JLINK_IsHalted()
T6024 021:056.656 - 2.698ms returns FALSE
T6024 021:056.680 JLINK_IsHalted()
T6024 021:059.632 - 2.951ms returns FALSE
T5608 021:081.956 JLINK_IsHalted()
T5608 021:084.642 - 2.686ms returns FALSE
T5608 021:084.652 JLINK_IsHalted()
T5608 021:087.648 - 2.994ms returns FALSE
T5608 021:191.132 JLINK_IsHalted()
T5608 021:193.652 - 2.523ms returns FALSE
T5608 021:193.682 JLINK_IsHalted()
T5608 021:196.618 - 2.935ms returns FALSE
T5608 021:300.972 JLINK_IsHalted()
T5608 021:303.642 - 2.668ms returns FALSE
T5608 021:303.658 JLINK_IsHalted()
T5608 021:306.612 - 2.955ms returns FALSE
T5608 021:409.980 JLINK_IsHalted()
T5608 021:412.664 - 2.685ms returns FALSE
T5608 021:412.696 JLINK_IsHalted()
T5608 021:415.628 - 2.932ms returns FALSE
T5608 021:519.220 JLINK_IsHalted()
T5608 021:521.654 - 2.435ms returns FALSE
T5608 021:521.670 JLINK_IsHalted()
T5608 021:524.694 - 3.023ms returns FALSE
T5608 021:628.974 JLINK_IsHalted()
T5608 021:631.668 - 2.692ms returns FALSE
T5608 021:631.680 JLINK_IsHalted()
T5608 021:634.652 - 2.970ms returns FALSE
T5608 021:737.596 JLINK_IsHalted()
T5608 021:740.676 - 3.080ms returns FALSE
T5608 021:740.692 JLINK_IsHalted()
T5608 021:743.756 - 3.064ms returns FALSE
T5608 021:847.484 JLINK_IsHalted()
T5608 021:850.674 - 3.190ms returns FALSE
T5608 021:850.686 JLINK_IsHalted()
T5608 021:853.700 - 3.013ms returns FALSE
T5608 021:956.590 JLINK_IsHalted()
T5608 021:959.690 - 3.098ms returns FALSE
T5608 021:959.712 JLINK_IsHalted()
T5608 021:962.670 - 2.957ms returns FALSE
T3408 022:049.806 JLINK_ExecCommand("SetRestartOnClose = 0", ...). 
T3408 022:049.836 - 0.002ms returns 0x00
T3408 022:049.842 JLINK_Halt()
T3408 022:076.778 - 26.933ms returns 0x00
T3408 022:076.812 JLINK_ReadReg(AARCH32_CPSR)
T3408 022:076.820 - 0.008ms returns 0x00000033
T3408 022:080.502 JLINK_Close()
T3408 022:127.740 - 47.236ms
T3408 022:127.796   
T3408 022:127.804   Closed
